This is pdfTeXk, Version 3.141592-1.40.3 (Web2C 7.5.6) (format=pdflatex 2015.12.23)  12 MAR 2018 16:43
entering extended mode
 %&-line parsing enabled.
**cv.tex
(./cv.tex
LaTeX2e <2005/12/01>
Babel <v3.8h> and hyphenation patterns for english, usenglishmax, dumylang, noh
yphenation, arabic, basque, bulgarian, coptic, welsh, czech, slovak, german, ng
erman, danish, esperanto, spanish, catalan, galician, estonian, farsi, finnish,
 french, greek, monogreek, ancientgreek, croatian, hungarian, interlingua, ibyc
us, indonesian, icelandic, italian, latin, mongolian, dutch, norsk, polish, por
tuguese, pinyin, romanian, russian, slovenian, uppersorbian, serbian, swedish, 
turkish, ukenglish, ukrainian, loaded.
(./vita.cls
Document Class: vita 1996/10/09 class file ``vita'' to create Curriculum Vitae
(/usr/share/texmf/tex/latex/base/article.cls
Document Class: article 2005/09/16 v1.4f Standard LaTeX document class
(/usr/share/texmf/tex/latex/base/size10.clo
File: size10.clo 2005/09/16 v1.4f Standard LaTeX file (size option)
)
\c@part=\count79
\c@section=\count80
\c@subsection=\count81
\c@subsubsection=\count82
\c@paragraph=\count83
\c@subparagraph=\count84
\c@figure=\count85
\c@table=\count86
\abovecaptionskip=\skip41
\belowcaptionskip=\skip42
\bibindent=\dimen102
)
No auxiliary output files.

) (./vitaComputerScience.clo
File: ComputerScience.clo 1995/02/07 vita class option file for Computer Scienc
e
) (/usr/share/texmf/tex/latex/preprint/fullpage.sty
Package: fullpage 1999/02/23 1.1 (PWD)
\FP@margin=\skip43
) (/usr/share/texmf/tex/latex/psnfss/times.sty
Package: times 2005/04/12 PSNFSS-v9.2a (SPQR) 
)
(/usr/share/texmf/tex/latex/ltxmisc/url.sty
\Urlmuskip=\muskip10
Package: url 2005/06/27  ver 3.2  Verb mode for urls, etc.
)
No file cv.aux.
LaTeX Font Info:    Checking defaults for OML/cmm/m/it on input line 8.
LaTeX Font Info:    ... okay on input line 8.
LaTeX Font Info:    Checking defaults for T1/cmr/m/n on input line 8.
LaTeX Font Info:    ... okay on input line 8.
LaTeX Font Info:    Checking defaults for OT1/cmr/m/n on input line 8.
LaTeX Font Info:    ... okay on input line 8.
LaTeX Font Info:    Checking defaults for OMS/cmsy/m/n on input line 8.
LaTeX Font Info:    ... okay on input line 8.
LaTeX Font Info:    Checking defaults for OMX/cmex/m/n on input line 8.
LaTeX Font Info:    ... okay on input line 8.
LaTeX Font Info:    Checking defaults for U/cmr/m/n on input line 8.
LaTeX Font Info:    ... okay on input line 8.
LaTeX Font Info:    Try loading font information for OT1+ptm on input line 8.
(/usr/share/texmf/tex/latex/psnfss/ot1ptm.fd
File: ot1ptm.fd 2001/06/04 font definitions for OT1/ptm.
)
LaTeX Font Info:    External font `cmex10' loaded for size
(Font)              <7> on input line 36.
LaTeX Font Info:    External font `cmex10' loaded for size
(Font)              <5> on input line 36.


LaTeX Warning: Missing home address on input line 36.

LaTeX Font Info:    Font shape `OT1/ptm/bx/n' in size <10> not available
(Font)              Font shape `OT1/ptm/b/n' tried instead on input line 41.
LaTeX Font Info:    Font shape `OT1/ptm/bx/n' in size <9> not available
(Font)              Font shape `OT1/ptm/b/n' tried instead on input line 41.
[1

{/var/lib/texmf/fonts/map/pdftex/updmap/pdftex.map}] [2] [3] [4] [5] [6]
[7]
Overfull \hbox (0.99078pt too wide) in paragraph at lines 470--473
\OT1/ptm/m/it/10 IEEE/ACM In-ter-na-tional Con-fer-ence on Au-to-mated Soft-war
e En-gi-neer-ing\OT1/ptm/m/n/10 , pages 19-28, L'Aquila, Italy, Septem-
 []

LaTeX Font Info:    Try loading font information for OT1+pcr on input line 522.

(/usr/share/texmf/tex/latex/psnfss/ot1pcr.fd
File: ot1pcr.fd 2001/06/04 font definitions for OT1/pcr.
) [8] [9] [10] [11] [12] [13]
Overfull \hbox (1.2887pt too wide) in paragraph at lines 841--848
[]\OT1/ptm/m/n/10 Program com-mit-tee $\OMS/cmsy/m/n/10 ^^A$ \OT1/ptm/m/n/10 14
th In-ter-na-tional Con-fer-ence on Fun-da-men-tal Ap-proaches to Soft-ware En-
gi-neer-ing (FASE'11),
 []

[14] [15] [16] [17] [18] [19]
Overfull \hbox (3.39017pt too wide) in paragraph at lines 1108--1109
[]\OT1/ptm/m/n/10 ``Structural Heuris-tics for Di-rected Model Check-ing of Jav
a Pro-grams,'' Spec-i-fi-ca-tion and Ver-i-fi-ca-tion Cen-ter, Carnegie
 []

[20] [21] ) 
Here is how much of TeX's memory you used:
 492 strings out of 256214
 6379 string characters out of 1916999
 56096 words of memory out of 1500000
 3833 multiletter control sequences out of 10000+200000
 13275 words of font info for 28 fonts, out of 1200000 for 2000
 645 hyphenation exceptions out of 8191
 29i,13n,19p,3245b,296s stack positions out of 5000i,500n,6000p,200000b,15000s
{/usr/share/texmf/fonts/enc/dvips/base/8r.enc}</usr/share/texmf/font
s/type1/bluesky/cm/cmsy10.pfb></usr/share/texmf/fonts/type1/urw/courier/ucrr8a.
pfb></usr/share/texmf/fonts/type1/urw/times/utmb8a.pfb></usr/share/texmf/fonts/
type1/urw/times/utmr8a.pfb></usr/share/texmf/fonts/type1/urw/times/utmri8a.pfb>

Output written on cv.pdf (21 pages, 137517 bytes).
PDF statistics:
 91 PDF objects out of 1000 (max. 8388607)
 0 named destinations out of 1000 (max. 131072)
 1 words of extra memory for PDF output out of 10000 (max. 10000000)

