This is pdfeTeX, Version 3.141592-1.21a-2.2 (Web2C 7.5.4) (format=pdflatex 2006.3.10)  3 JUL 2013 13:45
entering extended mode
**papers.tex
(./papers.tex
LaTeX2e <2003/12/01>
Babel <v3.8d> and hyphenation patterns for american, french, german, ngerman, b
ahasa, basque, bulgarian, catalan, croatian, czech, danish, dutch, esperanto, e
stonian, finnish, greek, icelandic, irish, italian, latin, magyar, norsk, polis
h, portuges, romanian, russian, serbian, slovak, slovene, spanish, swedish, tur
kish, ukrainian, nohyphenation, loaded.
(./vita.cls
Document Class: vita 1996/10/09 class file ``vita'' to create Curriculum Vitae
(/usr/local/share/texmf/tex/latex/base/article.cls
Document Class: article 2004/02/16 v1.4f Standard LaTeX document class
(/usr/local/share/texmf/tex/latex/base/size10.clo
File: size10.clo 2004/02/16 v1.4f Standard LaTeX file (size option)
)
\c@part=\count79
\c@section=\count80
\c@subsection=\count81
\c@subsubsection=\count82
\c@paragraph=\count83
\c@subparagraph=\count84
\c@figure=\count85
\c@table=\count86
\abovecaptionskip=\skip41
\belowcaptionskip=\skip42
\bibindent=\dimen102
)
No auxiliary output files.

) (./vitaComputerScience.clo
File: ComputerScience.clo 1995/02/07 vita class option file for Computer Scienc
e
)
(/usr/local/share/texmf/tex/latex/preprint/fullpage.sty
Package: fullpage 1999/02/23 1.1 (PWD)
\FP@margin=\skip43
)
(/usr/local/share/texmf/tex/latex/psnfss/times.sty
Package: times 2004/09/15 PSNFSS-v9.2 (SPQR) 
)
(/usr/local/share/texmf/tex/latex/url/url.sty
\Urlmuskip=\muskip10
Package: url 2004/03/15  ver 3.1  Verb mode for urls, etc.
)
No file papers.aux.
LaTeX Font Info:    Checking defaults for OML/cmm/m/it on input line 8.
LaTeX Font Info:    ... okay on input line 8.
LaTeX Font Info:    Checking defaults for T1/cmr/m/n on input line 8.
LaTeX Font Info:    ... okay on input line 8.
LaTeX Font Info:    Checking defaults for OT1/cmr/m/n on input line 8.
LaTeX Font Info:    ... okay on input line 8.
LaTeX Font Info:    Checking defaults for OMS/cmsy/m/n on input line 8.
LaTeX Font Info:    ... okay on input line 8.
LaTeX Font Info:    Checking defaults for OMX/cmex/m/n on input line 8.
LaTeX Font Info:    ... okay on input line 8.
LaTeX Font Info:    Checking defaults for U/cmr/m/n on input line 8.
LaTeX Font Info:    ... okay on input line 8.
LaTeX Font Info:    Try loading font information for OT1+ptm on input line 8.
(/usr/local/share/texmf/tex/latex/psnfss/ot1ptm.fd
File: ot1ptm.fd 2001/06/04 font definitions for OT1/ptm.
)
LaTeX Font Info:    External font `cmex10' loaded for size
(Font)              <7> on input line 36.
LaTeX Font Info:    External font `cmex10' loaded for size
(Font)              <5> on input line 36.


LaTeX Warning: Missing home address on input line 36.

LaTeX Font Info:    Font shape `OT1/ptm/bx/n' in size <10> not available
(Font)              Font shape `OT1/ptm/b/n' tried instead on input line 38.
LaTeX Font Info:    Font shape `OT1/ptm/bx/n' in size <9> not available
(Font)              Font shape `OT1/ptm/b/n' tried instead on input line 38.
[1

{/usr/local/share/texmf/fonts/map/pdftex/updmap/pdftex.map}]
Overfull \hbox (2.66083pt too wide) in paragraph at lines 150--153
\OT1/ptm/m/it/10 IEEE/ACM In-ter-na-tional Con-fer-ence on Au-to-mated Soft-war
e En-gi-neer-ing\OT1/ptm/m/n/10 , pages 19--28, L'Aquila, Italy, Septem-
 []

[2]
LaTeX Font Info:    Try loading font information for OT1+pcr on input line 202.

 (/usr/local/share/texmf/tex/latex/psnfss/ot1pcr.fd
File: ot1pcr.fd 2001/06/04 font definitions for OT1/pcr.
) [3] [4] ) 
Here is how much of TeX's memory you used:
 493 strings out of 94500
 6345 string characters out of 1175786
 54634 words of memory out of 1000000
 3716 multiletter control sequences out of 10000+50000
 14353 words of font info for 29 fonts, out of 500000 for 2000
 580 hyphenation exceptions out of 1000
 29i,13n,19p,218b,231s stack positions out of 1500i,500n,5000p,200000b,5000s
PDF statistics:
 25 PDF objects out of 300000
 0 named destinations out of 131072
 1 words of extra memory for PDF output out of 65536
{/usr/local/share/texmf/fonts/enc/dvips/psnfss/8r.enc}</usr/local/sh
are/texmf/fonts/type1/urw/courier/ucrr8a.pfb></usr/local/share/texmf/fonts/type
1/urw/times/utmri8a.pfb></usr/local/share/texmf/fonts/type1/urw/times/utmb8a.pf
b></usr/local/share/texmf/fonts/type1/urw/times/utmr8a.pfb>
Output written on papers.pdf (4 pages, 71955 bytes).
